# JRE version: OpenJDK Runtime Environment Temurin-21.0.4+7 (21.0.4+7) (build 21.0.4+7-LTS)
# Java VM: OpenJDK 64-Bit Server VM Temurin-21.0.4+7 (21.0.4+7-LTS, mixed mode, emulated-client, tiered, compressed oops, compressed class ptrs, g1 gc, windows-amd64)
GC Precious Log:
 CardTable entry size: 512
 Card Set container configuration: InlinePtr #cards 4 size 8 Array Of Cards #cards 16 size 48 Howl #buckets 8 coarsen threshold 3686 Howl Bitmap #cards 512 size 80 coarsen threshold 460 Card regions per heap region 1 cards per card region 4096
 CPUs: 12 total, 12 available
 Memory: 16068M
 Large Page Support: Disabled
 NUMA Support: Disabled
 Compressed Oops: Enabled (Zero based)
 Heap Region Size: 2M
 Heap Min Capacity: 8M
 Heap Initial Capacity: 252M
 Heap Max Capacity: 4018M
 Pre-touch: Disabled
 Parallel Workers: 10
 Concurrent Workers: 3
 Concurrent Refinement Workers: 10
 Periodic GC: Disabled
Heap:
 garbage-first heap   total 108544K, used 64915K [0x0000000704e00000, 0x0000000800000000)
  region size 2048K, 21 young (43008K), 4 survivors (8192K)
 Metaspace       used 76960K, committed 77696K, reserved 1179648K
  class space    used 10038K, committed 10368K, reserved 1048576K
GC Heap History (20 events):
Event: 5.097 GC heap before
{Heap before GC invocations=8 (full 0):
 garbage-first heap   total 149504K, used 56811K [0x0000000704e00000, 0x0000000800000000)
  region size 2048K, 26 young (53248K), 4 survivors (8192K)
 Metaspace       used 35610K, committed 35968K, reserved 1114112K
  class space    used 4132K, committed 4288K, reserved 1048576K
}
Event: 5.109 GC heap after
{Heap after GC invocations=9 (full 0):
 garbage-first heap   total 149504K, used 17199K [0x0000000704e00000, 0x0000000800000000)
  region size 2048K, 4 young (8192K), 4 survivors (8192K)
 Metaspace       used 35610K, committed 35968K, reserved 1114112K
  class space    used 4132K, committed 4288K, reserved 1048576K
}
Event: 5.772 GC heap before
{Heap before GC invocations=10 (full 0):
 garbage-first heap   total 61440K, used 45871K [0x0000000704e00000, 0x0000000800000000)
  region size 2048K, 18 young (36864K), 4 survivors (8192K)
 Metaspace       used 37766K, committed 38272K, reserved 1114112K
  class space    used 4473K, committed 4736K, reserved 1048576K
}
Event: 5.792 GC heap after
{Heap after GC invocations=11 (full 0):
 garbage-first heap   total 61440K, used 18025K [0x0000000704e00000, 0x0000000800000000)
  region size 2048K, 2 young (4096K), 2 survivors (4096K)
 Metaspace       used 37766K, committed 38272K, reserved 1114112K
  class space    used 4473K, committed 4736K, reserved 1048576K
}
Event: 6.405 GC heap before
{Heap before GC invocations=11 (full 0):
 garbage-first heap   total 61440K, used 50793K [0x0000000704e00000, 0x0000000800000000)
  region size 2048K, 18 young (36864K), 2 survivors (4096K)
 Metaspace       used 40969K, committed 41472K, reserved 1114112K
  class space    used 4937K, committed 5120K, reserved 1048576K
}
Event: 6.421 GC heap after
{Heap after GC invocations=12 (full 0):
 garbage-first heap   total 159744K, used 19964K [0x0000000704e00000, 0x0000000800000000)
  region size 2048K, 3 young (6144K), 3 survivors (6144K)
 Metaspace       used 40969K, committed 41472K, reserved 1114112K
  class space    used 4937K, committed 5120K, reserved 1048576K
}
Event: 7.729 GC heap before
{Heap before GC invocations=12 (full 0):
 garbage-first heap   total 159744K, used 105980K [0x0000000704e00000, 0x0000000800000000)
  region size 2048K, 46 young (94208K), 3 survivors (6144K)
 Metaspace       used 49079K, committed 49664K, reserved 1114112K
  class space    used 6123K, committed 6400K, reserved 1048576K
}
Event: 7.740 GC heap after
{Heap after GC invocations=13 (full 0):
 garbage-first heap   total 159744K, used 22043K [0x0000000704e00000, 0x0000000800000000)
  region size 2048K, 4 young (8192K), 4 survivors (8192K)
 Metaspace       used 49079K, committed 49664K, reserved 1114112K
  class space    used 6123K, committed 6400K, reserved 1048576K
}
Event: 8.997 GC heap before
{Heap before GC invocations=13 (full 0):
 garbage-first heap   total 159744K, used 108059K [0x0000000704e00000, 0x0000000800000000)
  region size 2048K, 46 young (94208K), 4 survivors (8192K)
 Metaspace       used 57753K, committed 58368K, reserved 1114112K
  class space    used 7200K, committed 7488K, reserved 1048576K
}
Event: 9.011 GC heap after
{Heap after GC invocations=14 (full 0):
 garbage-first heap   total 159744K, used 26232K [0x0000000704e00000, 0x0000000800000000)
  region size 2048K, 5 young (10240K), 5 survivors (10240K)
 Metaspace       used 57753K, committed 58368K, reserved 1114112K
  class space    used 7200K, committed 7488K, reserved 1048576K
}
Event: 9.155 GC heap before
{Heap before GC invocations=14 (full 0):
 garbage-first heap   total 159744K, used 34424K [0x0000000704e00000, 0x0000000800000000)
  region size 2048K, 10 young (20480K), 5 survivors (10240K)
 Metaspace       used 59500K, committed 60096K, reserved 1114112K
  class space    used 7510K, committed 7808K, reserved 1048576K
}
Event: 9.166 GC heap after
{Heap after GC invocations=15 (full 0):
 garbage-first heap   total 159744K, used 25649K [0x0000000704e00000, 0x0000000800000000)
  region size 2048K, 3 young (6144K), 3 survivors (6144K)
 Metaspace       used 59500K, committed 60096K, reserved 1114112K
  class space    used 7510K, committed 7808K, reserved 1048576K
}
Event: 10.023 GC heap before
{Heap before GC invocations=16 (full 0):
 garbage-first heap   total 90112K, used 72753K [0x0000000704e00000, 0x0000000800000000)
  region size 2048K, 26 young (53248K), 3 survivors (6144K)
 Metaspace       used 63455K, committed 64064K, reserved 1114112K
  class space    used 8225K, committed 8512K, reserved 1048576K
}
Event: 10.030 GC heap after
{Heap after GC invocations=17 (full 0):
 garbage-first heap   total 90112K, used 26297K [0x0000000704e00000, 0x0000000800000000)
  region size 2048K, 3 young (6144K), 3 survivors (6144K)
 Metaspace       used 63455K, committed 64064K, reserved 1114112K
  class space    used 8225K, committed 8512K, reserved 1048576K
}
Event: 10.796 GC heap before
{Heap before GC invocations=17 (full 0):
 garbage-first heap   total 90112K, used 71353K [0x0000000704e00000, 0x0000000800000000)
  region size 2048K, 26 young (53248K), 3 survivors (6144K)
 Metaspace       used 68050K, committed 68736K, reserved 1114112K
  class space    used 8819K, committed 9152K, reserved 1048576K
}
Event: 10.805 GC heap after
{Heap after GC invocations=18 (full 0):
 garbage-first heap   total 90112K, used 27685K [0x0000000704e00000, 0x0000000800000000)
  region size 2048K, 4 young (8192K), 4 survivors (8192K)
 Metaspace       used 68050K, committed 68736K, reserved 1114112K
  class space    used 8819K, committed 9152K, reserved 1048576K
}
Event: 11.533 GC heap before
{Heap before GC invocations=18 (full 0):
 garbage-first heap   total 90112K, used 72741K [0x0000000704e00000, 0x0000000800000000)
  region size 2048K, 26 young (53248K), 4 survivors (8192K)
 Metaspace       used 69711K, committed 70336K, reserved 1114112K
  class space    used 9055K, committed 9344K, reserved 1048576K
}
Event: 11.541 GC heap after
{Heap after GC invocations=19 (full 0):
 garbage-first heap   total 108544K, used 28529K [0x0000000704e00000, 0x0000000800000000)
  region size 2048K, 2 young (4096K), 2 survivors (4096K)
 Metaspace       used 69711K, committed 70336K, reserved 1114112K
  class space    used 9055K, committed 9344K, reserved 1048576K
}
Event: 12.573 GC heap before
{Heap before GC invocations=19 (full 0):
 garbage-first heap   total 108544K, used 87921K [0x0000000704e00000, 0x0000000800000000)
  region size 2048K, 31 young (63488K), 2 survivors (4096K)
 Metaspace       used 73811K, committed 74496K, reserved 1114112K
  class space    used 9628K, committed 9920K, reserved 1048576K
}
Event: 12.583 GC heap after
{Heap after GC invocations=20 (full 0):
 garbage-first heap   total 108544K, used 32147K [0x0000000704e00000, 0x0000000800000000)
  region size 2048K, 4 young (8192K), 4 survivors (8192K)
 Metaspace       used 73811K, committed 74496K, reserved 1114112K
  class space    used 9628K, committed 9920K, reserved 1048576K
}

